This file contains any messages produced by compilers while
running configure, to aid debugging if configure makes a mistake.

It was created by horse configure 0.0.0, which was
generated by GNU Autoconf 2.71.  Invocation command line was

  $ ./configure

## --------- ##
## Platform. ##
## --------- ##

hostname = huihui22-virtual-machine
uname -m = x86_64
uname -r = 5.19.0-45-generic
uname -s = Linux
uname -v = #46~22.04.1-Ubuntu SMP PREEMPT_DYNAMIC Wed Jun 7 15:06:04 UTC 20

/usr/bin/uname -p = x86_64
/bin/uname -X     = unknown

/bin/arch              = x86_64
/usr/bin/arch -k       = unknown
/usr/convex/getsysinfo = unknown
/usr/bin/hostinfo      = unknown
/bin/machine           = unknown
/usr/bin/oslevel       = unknown
/bin/universe          = unknown

PATH: /home/huihui22/.vscode-server/bin/695af097c7bd098fbf017ce3ac85e09bbc5dda06/bin/remote-cli/
PATH: /home/huihui22/.local/bin/
PATH: /usr/local/sbin/
PATH: /usr/local/bin/
PATH: /usr/sbin/
PATH: /usr/bin/
PATH: /sbin/
PATH: /bin/
PATH: /usr/games/
PATH: /usr/local/games/
PATH: /snap/bin/


## ----------- ##
## Core tests. ##
## ----------- ##

configure:2751: looking for aux files: config.guess config.sub ltmain.sh compile missing install-sh
configure:2764:  trying ./
configure:2793:   ./config.guess found
configure:2793:   ./config.sub found
configure:2793:   ./ltmain.sh found
configure:2793:   ./compile found
configure:2793:   ./missing found
configure:2775:   ./install-sh found
configure:2924: checking for a BSD-compatible install
configure:2997: result: /usr/bin/install -c
configure:3008: checking whether build environment is sane
configure:3063: result: yes
configure:3222: checking for a race-free mkdir -p
configure:3266: result: /usr/bin/mkdir -p
configure:3273: checking for gawk
configure:3308: result: no
configure:3273: checking for mawk
configure:3294: found /usr/bin/mawk
configure:3305: result: mawk
configure:3316: checking whether make sets $(MAKE)
configure:3339: result: yes
configure:3369: checking whether make supports nested variables
configure:3387: result: yes
configure:3584: checking for gcc
configure:3605: found /usr/bin/gcc
configure:3616: result: gcc
configure:3969: checking for C compiler version
configure:3978: gcc --version >&5
gcc (Ubuntu 11.3.0-1ubuntu1~22.04.1) 11.3.0
Copyright (C) 2021 Free Software Foundation, Inc.
This is free software; see the source for copying conditions.  There is NO
warranty; not even for MERCHANTABILITY or FITNESS FOR A PARTICULAR PURPOSE.

configure:3989: $? = 0
configure:3978: gcc -v >&5
Using built-in specs.
COLLECT_GCC=gcc
COLLECT_LTO_WRAPPER=/usr/lib/gcc/x86_64-linux-gnu/11/lto-wrapper
OFFLOAD_TARGET_NAMES=nvptx-none:amdgcn-amdhsa
OFFLOAD_TARGET_DEFAULT=1
Target: x86_64-linux-gnu
Configured with: ../src/configure -v --with-pkgversion='Ubuntu 11.3.0-1ubuntu1~22.04.1' --with-bugurl=file:///usr/share/doc/gcc-11/README.Bugs --enable-languages=c,ada,c++,go,brig,d,fortran,objc,obj-c++,m2 --prefix=/usr --with-gcc-major-version-only --program-suffix=-11 --program-prefix=x86_64-linux-gnu- --enable-shared --enable-linker-build-id --libexecdir=/usr/lib --without-included-gettext --enable-threads=posix --libdir=/usr/lib --enable-nls --enable-bootstrap --enable-clocale=gnu --enable-libstdcxx-debug --enable-libstdcxx-time=yes --with-default-libstdcxx-abi=new --enable-gnu-unique-object --disable-vtable-verify --enable-plugin --enable-default-pie --with-system-zlib --enable-libphobos-checking=release --with-target-system-zlib=auto --enable-objc-gc=auto --enable-multiarch --disable-werror --enable-cet --with-arch-32=i686 --with-abi=m64 --with-multilib-list=m32,m64,mx32 --enable-multilib --with-tune=generic --enable-offload-targets=nvptx-none=/build/gcc-11-aYxV0E/gcc-11-11.3.0/debian/tmp-nvptx/usr,amdgcn-amdhsa=/build/gcc-11-aYxV0E/gcc-11-11.3.0/debian/tmp-gcn/usr --without-cuda-driver --enable-checking=release --build=x86_64-linux-gnu --host=x86_64-linux-gnu --target=x86_64-linux-gnu --with-build-config=bootstrap-lto-lean --enable-link-serialization=2
Thread model: posix
Supported LTO compression algorithms: zlib zstd
gcc version 11.3.0 (Ubuntu 11.3.0-1ubuntu1~22.04.1) 
... rest of stderr output deleted ...
configure:3989: $? = 0
configure:3978: gcc -V >&5
gcc: error: unrecognized command-line option '-V'
gcc: fatal error: no input files
compilation terminated.
configure:3989: $? = 1
configure:3978: gcc -qversion >&5
gcc: error: unrecognized command-line option '-qversion'; did you mean '--version'?
gcc: fatal error: no input files
compilation terminated.
configure:3989: $? = 1
configure:3978: gcc -version >&5
gcc: error: unrecognized command-line option '-version'
gcc: fatal error: no input files
compilation terminated.
configure:3989: $? = 1
configure:4009: checking whether the C compiler works
configure:4031: gcc    conftest.c  >&5
configure:4035: $? = 0
configure:4085: result: yes
configure:4088: checking for C compiler default output file name
configure:4090: result: a.out
configure:4096: checking for suffix of executables
configure:4103: gcc -o conftest    conftest.c  >&5
configure:4107: $? = 0
configure:4130: result: 
configure:4152: checking whether we are cross compiling
configure:4160: gcc -o conftest    conftest.c  >&5
configure:4164: $? = 0
configure:4171: ./conftest
configure:4175: $? = 0
configure:4190: result: no
configure:4195: checking for suffix of object files
configure:4218: gcc -c   conftest.c >&5
configure:4222: $? = 0
configure:4244: result: o
configure:4248: checking whether the compiler supports GNU C
configure:4268: gcc -c   conftest.c >&5
configure:4268: $? = 0
configure:4278: result: yes
configure:4289: checking whether gcc accepts -g
configure:4310: gcc -c -g  conftest.c >&5
configure:4310: $? = 0
configure:4354: result: yes
configure:4374: checking for gcc option to enable C11 features
configure:4389: gcc  -c -g -O2  conftest.c >&5
configure:4389: $? = 0
configure:4407: result: none needed
configure:4523: checking whether gcc understands -c and -o together
configure:4546: gcc -c conftest.c -o conftest2.o
configure:4549: $? = 0
configure:4546: gcc -c conftest.c -o conftest2.o
configure:4549: $? = 0
configure:4561: result: yes
configure:4581: checking whether make supports the include directive
configure:4596: make -f confmf.GNU && cat confinc.out
this is the am__doit target
configure:4599: $? = 0
configure:4618: result: yes (GNU style)
configure:4644: checking dependency style of gcc
configure:4756: result: gcc3
configure:4776: checking how to run the C preprocessor
configure:4802: gcc -E  conftest.c
configure:4802: $? = 0
configure:4817: gcc -E  conftest.c
conftest.c:9:10: fatal error: ac_nonexistent.h: No such file or directory
    9 | #include <ac_nonexistent.h>
      |          ^~~~~~~~~~~~~~~~~~
compilation terminated.
configure:4817: $? = 1
configure: failed program was:
| /* confdefs.h */
| #define PACKAGE_NAME "horse"
| #define PACKAGE_TARNAME "horse"
| #define PACKAGE_VERSION "0.0.0"
| #define PACKAGE_STRING "horse 0.0.0"
| #define PACKAGE_BUGREPORT "eleao@qmul.ac.uk"
| #define PACKAGE_URL ""
| /* end confdefs.h.  */
| #include <ac_nonexistent.h>
configure:4844: result: gcc -E
configure:4858: gcc -E  conftest.c
configure:4858: $? = 0
configure:4873: gcc -E  conftest.c
conftest.c:9:10: fatal error: ac_nonexistent.h: No such file or directory
    9 | #include <ac_nonexistent.h>
      |          ^~~~~~~~~~~~~~~~~~
compilation terminated.
configure:4873: $? = 1
configure: failed program was:
| /* confdefs.h */
| #define PACKAGE_NAME "horse"
| #define PACKAGE_TARNAME "horse"
| #define PACKAGE_VERSION "0.0.0"
| #define PACKAGE_STRING "horse 0.0.0"
| #define PACKAGE_BUGREPORT "eleao@qmul.ac.uk"
| #define PACKAGE_URL ""
| /* end confdefs.h.  */
| #include <ac_nonexistent.h>
configure:4972: checking for g++
configure:4993: found /usr/bin/g++
configure:5004: result: g++
configure:5031: checking for C++ compiler version
configure:5040: g++ --version >&5
g++ (Ubuntu 11.3.0-1ubuntu1~22.04.1) 11.3.0
Copyright (C) 2021 Free Software Foundation, Inc.
This is free software; see the source for copying conditions.  There is NO
warranty; not even for MERCHANTABILITY or FITNESS FOR A PARTICULAR PURPOSE.

configure:5051: $? = 0
configure:5040: g++ -v >&5
Using built-in specs.
COLLECT_GCC=g++
COLLECT_LTO_WRAPPER=/usr/lib/gcc/x86_64-linux-gnu/11/lto-wrapper
OFFLOAD_TARGET_NAMES=nvptx-none:amdgcn-amdhsa
OFFLOAD_TARGET_DEFAULT=1
Target: x86_64-linux-gnu
Configured with: ../src/configure -v --with-pkgversion='Ubuntu 11.3.0-1ubuntu1~22.04.1' --with-bugurl=file:///usr/share/doc/gcc-11/README.Bugs --enable-languages=c,ada,c++,go,brig,d,fortran,objc,obj-c++,m2 --prefix=/usr --with-gcc-major-version-only --program-suffix=-11 --program-prefix=x86_64-linux-gnu- --enable-shared --enable-linker-build-id --libexecdir=/usr/lib --without-included-gettext --enable-threads=posix --libdir=/usr/lib --enable-nls --enable-bootstrap --enable-clocale=gnu --enable-libstdcxx-debug --enable-libstdcxx-time=yes --with-default-libstdcxx-abi=new --enable-gnu-unique-object --disable-vtable-verify --enable-plugin --enable-default-pie --with-system-zlib --enable-libphobos-checking=release --with-target-system-zlib=auto --enable-objc-gc=auto --enable-multiarch --disable-werror --enable-cet --with-arch-32=i686 --with-abi=m64 --with-multilib-list=m32,m64,mx32 --enable-multilib --with-tune=generic --enable-offload-targets=nvptx-none=/build/gcc-11-aYxV0E/gcc-11-11.3.0/debian/tmp-nvptx/usr,amdgcn-amdhsa=/build/gcc-11-aYxV0E/gcc-11-11.3.0/debian/tmp-gcn/usr --without-cuda-driver --enable-checking=release --build=x86_64-linux-gnu --host=x86_64-linux-gnu --target=x86_64-linux-gnu --with-build-config=bootstrap-lto-lean --enable-link-serialization=2
Thread model: posix
Supported LTO compression algorithms: zlib zstd
gcc version 11.3.0 (Ubuntu 11.3.0-1ubuntu1~22.04.1) 
... rest of stderr output deleted ...
configure:5051: $? = 0
configure:5040: g++ -V >&5
g++: error: unrecognized command-line option '-V'
g++: fatal error: no input files
compilation terminated.
configure:5051: $? = 1
configure:5040: g++ -qversion >&5
g++: error: unrecognized command-line option '-qversion'; did you mean '--version'?
g++: fatal error: no input files
compilation terminated.
configure:5051: $? = 1
configure:5055: checking whether the compiler supports GNU C++
configure:5075: g++ -c   conftest.cpp >&5
configure:5075: $? = 0
configure:5085: result: yes
configure:5096: checking whether g++ accepts -g
configure:5117: g++ -c -g  conftest.cpp >&5
configure:5117: $? = 0
configure:5161: result: yes
configure:5181: checking for g++ option to enable C++11 features
configure:5196: g++  -c -g -O2  conftest.cpp >&5
conftest.cpp: In function 'int main(int, char**)':
conftest.cpp:175:25: warning: empty parentheses were disambiguated as a function declaration [-Wvexing-parse]
  175 |   cxx11test::delegate d2();
      |                         ^~
conftest.cpp:175:25: note: remove parentheses to default-initialize a variable
  175 |   cxx11test::delegate d2();
      |                         ^~
      |                         --
conftest.cpp:175:25: note: or replace parentheses with braces to value-initialize a variable
configure:5196: $? = 0
configure:5214: result: none needed
configure:5280: checking dependency style of g++
configure:5392: result: gcc3
configure:5423: checking for stdio.h
configure:5423: gcc -c -g -O2  conftest.c >&5
configure:5423: $? = 0
configure:5423: result: yes
configure:5423: checking for stdlib.h
configure:5423: gcc -c -g -O2  conftest.c >&5
configure:5423: $? = 0
configure:5423: result: yes
configure:5423: checking for string.h
configure:5423: gcc -c -g -O2  conftest.c >&5
configure:5423: $? = 0
configure:5423: result: yes
configure:5423: checking for inttypes.h
configure:5423: gcc -c -g -O2  conftest.c >&5
configure:5423: $? = 0
configure:5423: result: yes
configure:5423: checking for stdint.h
configure:5423: gcc -c -g -O2  conftest.c >&5
configure:5423: $? = 0
configure:5423: result: yes
configure:5423: checking for strings.h
configure:5423: gcc -c -g -O2  conftest.c >&5
configure:5423: $? = 0
configure:5423: result: yes
configure:5423: checking for sys/stat.h
configure:5423: gcc -c -g -O2  conftest.c >&5
configure:5423: $? = 0
configure:5423: result: yes
configure:5423: checking for sys/types.h
configure:5423: gcc -c -g -O2  conftest.c >&5
configure:5423: $? = 0
configure:5423: result: yes
configure:5423: checking for unistd.h
configure:5423: gcc -c -g -O2  conftest.c >&5
configure:5423: $? = 0
configure:5423: result: yes
configure:5448: checking for grep that handles long lines and -e
configure:5512: result: /usr/bin/grep
configure:5520: checking for egrep
configure:5588: result: /usr/bin/grep -E
configure:5627: checking build system type
configure:5642: result: x86_64-pc-linux-gnu
configure:5662: checking host system type
configure:5676: result: x86_64-pc-linux-gnu
configure:5717: checking how to print strings
configure:5744: result: printf
configure:5765: checking for a sed that does not truncate output
configure:5835: result: /usr/bin/sed
configure:5853: checking for fgrep
configure:5921: result: /usr/bin/grep -F
configure:5957: checking for ld used by gcc
configure:6025: result: /usr/bin/ld
configure:6032: checking if the linker (/usr/bin/ld) is GNU ld
configure:6048: result: yes
configure:6060: checking for BSD- or MS-compatible name lister (nm)
configure:6115: result: /usr/bin/nm -B
configure:6255: checking the name lister (/usr/bin/nm -B) interface
configure:6263: gcc -c -g -O2  conftest.c >&5
configure:6266: /usr/bin/nm -B "conftest.o"
configure:6269: output
0000000000000000 B some_variable
configure:6276: result: BSD nm
configure:6279: checking whether ln -s works
configure:6283: result: yes
configure:6291: checking the maximum length of command line arguments
configure:6423: result: 1572864
configure:6471: checking how to convert x86_64-pc-linux-gnu file names to x86_64-pc-linux-gnu format
configure:6512: result: func_convert_file_noop
configure:6519: checking how to convert x86_64-pc-linux-gnu file names to toolchain format
configure:6540: result: func_convert_file_noop
configure:6547: checking for /usr/bin/ld option to reload object files
configure:6555: result: -r
configure:6634: checking for objdump
configure:6655: found /usr/bin/objdump
configure:6666: result: objdump
configure:6698: checking how to recognize dependent libraries
configure:6899: result: pass_all
configure:6989: checking for dlltool
configure:7024: result: no
configure:7054: checking how to associate runtime and link libraries
configure:7082: result: printf %s\n
configure:7147: checking for ar
configure:7168: found /usr/bin/ar
configure:7179: result: ar
configure:7216: checking for archiver @FILE support
configure:7234: gcc -c -g -O2  conftest.c >&5
configure:7234: $? = 0
configure:7238: ar cr libconftest.a @conftest.lst >&5
configure:7241: $? = 0
configure:7246: ar cr libconftest.a @conftest.lst >&5
ar: conftest.o: No such file or directory
configure:7249: $? = 1
configure:7261: result: @
configure:7324: checking for strip
configure:7345: found /usr/bin/strip
configure:7356: result: strip
configure:7433: checking for ranlib
configure:7454: found /usr/bin/ranlib
configure:7465: result: ranlib
configure:7567: checking command to parse /usr/bin/nm -B output from gcc object
configure:7721: gcc -c -g -O2  conftest.c >&5
configure:7724: $? = 0
configure:7728: /usr/bin/nm -B conftest.o | sed -n -e 's/^.*[	 ]\([ABCDGIRSTW][ABCDGIRSTW]*\)[	 ][	 ]*\([_A-Za-z][_A-Za-z0-9]*\)$/\1 \2 \2/p' | sed '/ __gnu_lto/d' > conftest.nm
configure:7794: gcc -o conftest -g -O2   conftest.c conftstm.o >&5
configure:7797: $? = 0
configure:7835: result: ok
configure:7882: checking for sysroot
configure:7913: result: no
configure:7920: checking for a working dd
configure:7964: result: /usr/bin/dd
configure:7968: checking how to truncate binary pipes
configure:7984: result: /usr/bin/dd bs=4096 count=1
configure:8121: gcc -c -g -O2  conftest.c >&5
configure:8124: $? = 0
configure:8321: checking for mt
configure:8342: found /usr/bin/mt
configure:8353: result: mt
configure:8376: checking if mt is a manifest tool
configure:8383: mt '-?'
configure:8391: result: no
configure:9117: checking for dlfcn.h
configure:9117: gcc -c -g -O2  conftest.c >&5
configure:9117: $? = 0
configure:9117: result: yes
configure:9387: checking for objdir
configure:9403: result: .libs
configure:9667: checking if gcc supports -fno-rtti -fno-exceptions
configure:9686: gcc -c -g -O2  -fno-rtti -fno-exceptions conftest.c >&5
cc1: warning: command-line option '-fno-rtti' is valid for C++/D/ObjC++ but not for C
configure:9690: $? = 0
configure:9703: result: no
configure:10067: checking for gcc option to produce PIC
configure:10075: result: -fPIC -DPIC
configure:10083: checking if gcc PIC flag -fPIC -DPIC works
configure:10102: gcc -c -g -O2  -fPIC -DPIC -DPIC conftest.c >&5
configure:10106: $? = 0
configure:10119: result: yes
configure:10148: checking if gcc static flag -static works
configure:10177: result: yes
configure:10192: checking if gcc supports -c -o file.o
configure:10214: gcc -c -g -O2  -o out/conftest2.o conftest.c >&5
configure:10218: $? = 0
configure:10240: result: yes
configure:10248: checking if gcc supports -c -o file.o
configure:10296: result: yes
configure:10329: checking whether the gcc linker (/usr/bin/ld -m elf_x86_64) supports shared libraries
configure:11599: result: yes
configure:11636: checking whether -lc should be explicitly linked in
configure:11645: gcc -c -g -O2  conftest.c >&5
configure:11648: $? = 0
configure:11663: gcc -shared  -fPIC -DPIC conftest.o  -v -Wl,-soname -Wl,conftest -o conftest 2\>\&1 \| /usr/bin/grep  -lc  \>/dev/null 2\>\&1
configure:11666: $? = 0
configure:11680: result: no
configure:11840: checking dynamic linker characteristics
configure:12422: gcc -o conftest -g -O2   -Wl,-rpath -Wl,/foo conftest.c  >&5
configure:12422: $? = 0
configure:12673: result: GNU/Linux ld.so
configure:12795: checking how to hardcode library paths into programs
configure:12820: result: immediate
configure:13372: checking whether stripping libraries is possible
configure:13377: result: yes
configure:13412: checking if libtool supports shared libraries
configure:13414: result: yes
configure:13417: checking whether to build shared libraries
configure:13442: result: yes
configure:13445: checking whether to build static libraries
configure:13449: result: yes
configure:13472: checking how to run the C++ preprocessor
configure:13494: g++ -E  conftest.cpp
configure:13494: $? = 0
configure:13509: g++ -E  conftest.cpp
conftest.cpp:21:10: fatal error: ac_nonexistent.h: No such file or directory
   21 | #include <ac_nonexistent.h>
      |          ^~~~~~~~~~~~~~~~~~
compilation terminated.
configure:13509: $? = 1
configure: failed program was:
| /* confdefs.h */
| #define PACKAGE_NAME "horse"
| #define PACKAGE_TARNAME "horse"
| #define PACKAGE_VERSION "0.0.0"
| #define PACKAGE_STRING "horse 0.0.0"
| #define PACKAGE_BUGREPORT "eleao@qmul.ac.uk"
| #define PACKAGE_URL ""
| #define HAVE_STDIO_H 1
| #define HAVE_STDLIB_H 1
| #define HAVE_STRING_H 1
| #define HAVE_INTTYPES_H 1
| #define HAVE_STDINT_H 1
| #define HAVE_STRINGS_H 1
| #define HAVE_SYS_STAT_H 1
| #define HAVE_SYS_TYPES_H 1
| #define HAVE_UNISTD_H 1
| #define STDC_HEADERS 1
| #define HAVE_DLFCN_H 1
| #define LT_OBJDIR ".libs/"
| /* end confdefs.h.  */
| #include <ac_nonexistent.h>
configure:13536: result: g++ -E
configure:13550: g++ -E  conftest.cpp
configure:13550: $? = 0
configure:13565: g++ -E  conftest.cpp
conftest.cpp:21:10: fatal error: ac_nonexistent.h: No such file or directory
   21 | #include <ac_nonexistent.h>
      |          ^~~~~~~~~~~~~~~~~~
compilation terminated.
configure:13565: $? = 1
configure: failed program was:
| /* confdefs.h */
| #define PACKAGE_NAME "horse"
| #define PACKAGE_TARNAME "horse"
| #define PACKAGE_VERSION "0.0.0"
| #define PACKAGE_STRING "horse 0.0.0"
| #define PACKAGE_BUGREPORT "eleao@qmul.ac.uk"
| #define PACKAGE_URL ""
| #define HAVE_STDIO_H 1
| #define HAVE_STDLIB_H 1
| #define HAVE_STRING_H 1
| #define HAVE_INTTYPES_H 1
| #define HAVE_STDINT_H 1
| #define HAVE_STRINGS_H 1
| #define HAVE_SYS_STAT_H 1
| #define HAVE_SYS_TYPES_H 1
| #define HAVE_UNISTD_H 1
| #define STDC_HEADERS 1
| #define HAVE_DLFCN_H 1
| #define LT_OBJDIR ".libs/"
| /* end confdefs.h.  */
| #include <ac_nonexistent.h>
configure:13730: checking for ld used by g++
configure:13798: result: /usr/bin/ld -m elf_x86_64
configure:13805: checking if the linker (/usr/bin/ld -m elf_x86_64) is GNU ld
configure:13821: result: yes
configure:13876: checking whether the g++ linker (/usr/bin/ld -m elf_x86_64) supports shared libraries
configure:14953: result: yes
configure:14989: g++ -c -g -O2  conftest.cpp >&5
configure:14992: $? = 0
configure:15473: checking for g++ option to produce PIC
configure:15481: result: -fPIC -DPIC
configure:15489: checking if g++ PIC flag -fPIC -DPIC works
configure:15508: g++ -c -g -O2  -fPIC -DPIC -DPIC conftest.cpp >&5
configure:15512: $? = 0
configure:15525: result: yes
configure:15548: checking if g++ static flag -static works
configure:15577: result: yes
configure:15589: checking if g++ supports -c -o file.o
configure:15611: g++ -c -g -O2  -o out/conftest2.o conftest.cpp >&5
configure:15615: $? = 0
configure:15637: result: yes
configure:15642: checking if g++ supports -c -o file.o
configure:15690: result: yes
configure:15720: checking whether the g++ linker (/usr/bin/ld -m elf_x86_64) supports shared libraries
configure:15763: result: yes
configure:15905: checking dynamic linker characteristics
configure:16665: result: GNU/Linux ld.so
configure:16730: checking how to hardcode library paths into programs
configure:16755: result: immediate
configure:16977: checking that generated files are newer than configure
configure:16983: result: done
configure:17014: creating ./config.status

## ---------------------- ##
## Running config.status. ##
## ---------------------- ##

This file was extended by horse config.status 0.0.0, which was
generated by GNU Autoconf 2.71.  Invocation command line was

  CONFIG_FILES    = 
  CONFIG_HEADERS  = 
  CONFIG_LINKS    = 
  CONFIG_COMMANDS = 
  $ ./config.status 

on huihui22-virtual-machine

config.status:1143: creating Makefile
config.status:1143: creating config.h
config.status:1324: config.h is unchanged
config.status:1372: executing depfiles commands
config.status:1449: cd .       && sed -e '/# am--include-marker/d' Makefile         | make -f - am--depfiles
make: Nothing to be done for 'am--depfiles'.
config.status:1454: $? = 0
config.status:1372: executing libtool commands

## ---------------- ##
## Cache variables. ##
## ---------------- ##

ac_cv_build=x86_64-pc-linux-gnu
ac_cv_c_compiler_gnu=yes
ac_cv_cxx_compiler_gnu=yes
ac_cv_env_CCC_set=
ac_cv_env_CCC_value=
ac_cv_env_CC_set=
ac_cv_env_CC_value=
ac_cv_env_CFLAGS_set=
ac_cv_env_CFLAGS_value=
ac_cv_env_CPPFLAGS_set=
ac_cv_env_CPPFLAGS_value=
ac_cv_env_CPP_set=
ac_cv_env_CPP_value=
ac_cv_env_CXXCPP_set=
ac_cv_env_CXXCPP_value=
ac_cv_env_CXXFLAGS_set=
ac_cv_env_CXXFLAGS_value=
ac_cv_env_CXX_set=
ac_cv_env_CXX_value=
ac_cv_env_LDFLAGS_set=
ac_cv_env_LDFLAGS_value=
ac_cv_env_LIBS_set=
ac_cv_env_LIBS_value=
ac_cv_env_LT_SYS_LIBRARY_PATH_set=
ac_cv_env_LT_SYS_LIBRARY_PATH_value=
ac_cv_env_build_alias_set=
ac_cv_env_build_alias_value=
ac_cv_env_host_alias_set=
ac_cv_env_host_alias_value=
ac_cv_env_target_alias_set=
ac_cv_env_target_alias_value=
ac_cv_header_dlfcn_h=yes
ac_cv_header_inttypes_h=yes
ac_cv_header_stdint_h=yes
ac_cv_header_stdio_h=yes
ac_cv_header_stdlib_h=yes
ac_cv_header_string_h=yes
ac_cv_header_strings_h=yes
ac_cv_header_sys_stat_h=yes
ac_cv_header_sys_types_h=yes
ac_cv_header_unistd_h=yes
ac_cv_host=x86_64-pc-linux-gnu
ac_cv_objext=o
ac_cv_path_EGREP='/usr/bin/grep -E'
ac_cv_path_FGREP='/usr/bin/grep -F'
ac_cv_path_GREP=/usr/bin/grep
ac_cv_path_SED=/usr/bin/sed
ac_cv_path_install='/usr/bin/install -c'
ac_cv_path_lt_DD=/usr/bin/dd
ac_cv_path_mkdir=/usr/bin/mkdir
ac_cv_prog_AWK=mawk
ac_cv_prog_CPP='gcc -E'
ac_cv_prog_CXXCPP='g++ -E'
ac_cv_prog_ac_ct_AR=ar
ac_cv_prog_ac_ct_CC=gcc
ac_cv_prog_ac_ct_CXX=g++
ac_cv_prog_ac_ct_MANIFEST_TOOL=mt
ac_cv_prog_ac_ct_OBJDUMP=objdump
ac_cv_prog_ac_ct_RANLIB=ranlib
ac_cv_prog_ac_ct_STRIP=strip
ac_cv_prog_cc_c11=
ac_cv_prog_cc_g=yes
ac_cv_prog_cc_stdc=
ac_cv_prog_cxx_11=no
ac_cv_prog_cxx_cxx11=
ac_cv_prog_cxx_g=yes
ac_cv_prog_cxx_stdcxx=
ac_cv_prog_make_make_set=yes
am_cv_CC_dependencies_compiler_type=gcc3
am_cv_CXX_dependencies_compiler_type=gcc3
am_cv_make_support_nested_variables=yes
am_cv_prog_cc_c_o=yes
lt_cv_ar_at_file=@
lt_cv_archive_cmds_need_lc=no
lt_cv_deplibs_check_method=pass_all
lt_cv_file_magic_cmd='$MAGIC_CMD'
lt_cv_file_magic_test_file=
lt_cv_ld_reload_flag=-r
lt_cv_nm_interface='BSD nm'
lt_cv_objdir=.libs
lt_cv_path_LD=/usr/bin/ld
lt_cv_path_LDCXX='/usr/bin/ld -m elf_x86_64'
lt_cv_path_NM='/usr/bin/nm -B'
lt_cv_path_mainfest_tool=no
lt_cv_prog_compiler_c_o=yes
lt_cv_prog_compiler_c_o_CXX=yes
lt_cv_prog_compiler_pic='-fPIC -DPIC'
lt_cv_prog_compiler_pic_CXX='-fPIC -DPIC'
lt_cv_prog_compiler_pic_works=yes
lt_cv_prog_compiler_pic_works_CXX=yes
lt_cv_prog_compiler_rtti_exceptions=no
lt_cv_prog_compiler_static_works=yes
lt_cv_prog_compiler_static_works_CXX=yes
lt_cv_prog_gnu_ld=yes
lt_cv_prog_gnu_ldcxx=yes
lt_cv_sharedlib_from_linklib_cmd='printf %s\n'
lt_cv_shlibpath_overrides_runpath=yes
lt_cv_sys_global_symbol_pipe='sed -n -e '\''s/^.*[	 ]\([ABCDGIRSTW][ABCDGIRSTW]*\)[	 ][	 ]*\([_A-Za-z][_A-Za-z0-9]*\)$/\1 \2 \2/p'\'' | sed '\''/ __gnu_lto/d'\'''
lt_cv_sys_global_symbol_to_c_name_address='sed -n -e '\''s/^: \(.*\) .*$/  {"\1", (void *) 0},/p'\'' -e '\''s/^[ABCDGIRSTW][ABCDGIRSTW]* .* \(.*\)$/  {"\1", (void *) \&\1},/p'\'''
lt_cv_sys_global_symbol_to_c_name_address_lib_prefix='sed -n -e '\''s/^: \(.*\) .*$/  {"\1", (void *) 0},/p'\'' -e '\''s/^[ABCDGIRSTW][ABCDGIRSTW]* .* \(lib.*\)$/  {"\1", (void *) \&\1},/p'\'' -e '\''s/^[ABCDGIRSTW][ABCDGIRSTW]* .* \(.*\)$/  {"lib\1", (void *) \&\1},/p'\'''
lt_cv_sys_global_symbol_to_cdecl='sed -n -e '\''s/^T .* \(.*\)$/extern int \1();/p'\'' -e '\''s/^[ABCDGIRSTW][ABCDGIRSTW]* .* \(.*\)$/extern char \1;/p'\'''
lt_cv_sys_global_symbol_to_import=
lt_cv_sys_max_cmd_len=1572864
lt_cv_to_host_file_cmd=func_convert_file_noop
lt_cv_to_tool_file_cmd=func_convert_file_noop
lt_cv_truncate_bin='/usr/bin/dd bs=4096 count=1'

## ----------------- ##
## Output variables. ##
## ----------------- ##

ACLOCAL='${SHELL} '\''/home/huihui22/sigsim_pads_point/missing'\'' aclocal-1.16'
AMDEPBACKSLASH='\'
AMDEP_FALSE='#'
AMDEP_TRUE=''
AMTAR='$${TAR-tar}'
AM_BACKSLASH='\'
AM_DEFAULT_V='$(AM_DEFAULT_VERBOSITY)'
AM_DEFAULT_VERBOSITY='1'
AM_V='$(V)'
AR='ar'
AUTOCONF='${SHELL} '\''/home/huihui22/sigsim_pads_point/missing'\'' autoconf'
AUTOHEADER='${SHELL} '\''/home/huihui22/sigsim_pads_point/missing'\'' autoheader'
AUTOMAKE='${SHELL} '\''/home/huihui22/sigsim_pads_point/missing'\'' automake-1.16'
AWK='mawk'
CC='gcc'
CCDEPMODE='depmode=gcc3'
CFLAGS='-g -O2'
CPP='gcc -E'
CPPFLAGS=''
CSCOPE='cscope'
CTAGS='ctags'
CXX='g++'
CXXCPP='g++ -E'
CXXDEPMODE='depmode=gcc3'
CXXFLAGS='-g -O2'
CYGPATH_W='echo'
DEFS='-DHAVE_CONFIG_H'
DEPDIR='.deps'
DLLTOOL='false'
DSYMUTIL=''
DUMPBIN=''
ECHO_C=''
ECHO_N='-n'
ECHO_T=''
EGREP='/usr/bin/grep -E'
ETAGS='etags'
EXEEXT=''
FGREP='/usr/bin/grep -F'
GCC_FALSE='#'
GCC_TRUE=''
GREP='/usr/bin/grep'
INSTALL_DATA='${INSTALL} -m 644'
INSTALL_PROGRAM='${INSTALL}'
INSTALL_SCRIPT='${INSTALL}'
INSTALL_STRIP_PROGRAM='$(install_sh) -c -s'
LD='/usr/bin/ld -m elf_x86_64'
LDFLAGS=''
LIBOBJS=''
LIBS=''
LIBTOOL='$(SHELL) $(top_builddir)/libtool'
LIPO=''
LN_S='ln -s'
LTLIBOBJS=''
LT_SYS_LIBRARY_PATH=''
MAKEINFO='${SHELL} '\''/home/huihui22/sigsim_pads_point/missing'\'' makeinfo'
MANIFEST_TOOL=':'
MKDIR_P='/usr/bin/mkdir -p'
NM='/usr/bin/nm -B'
NMEDIT=''
OBJDUMP='objdump'
OBJEXT='o'
OTOOL64=''
OTOOL=''
PACKAGE='horse'
PACKAGE_BUGREPORT='eleao@qmul.ac.uk'
PACKAGE_NAME='horse'
PACKAGE_STRING='horse 0.0.0'
PACKAGE_TARNAME='horse'
PACKAGE_URL=''
PACKAGE_VERSION='0.0.0'
PATH_SEPARATOR=':'
RANLIB='ranlib'
SED='/usr/bin/sed'
SET_MAKE=''
SHELL='/bin/bash'
STRIP='strip'
VERSION='0.0.0'
ac_ct_AR='ar'
ac_ct_CC='gcc'
ac_ct_CXX='g++'
ac_ct_DUMPBIN=''
am__EXEEXT_FALSE=''
am__EXEEXT_TRUE='#'
am__fastdepCC_FALSE='#'
am__fastdepCC_TRUE=''
am__fastdepCXX_FALSE='#'
am__fastdepCXX_TRUE=''
am__include='include'
am__isrc=''
am__leading_dot='.'
am__nodep='_no'
am__quote=''
am__tar='$${TAR-tar} chof - "$$tardir"'
am__untar='$${TAR-tar} xf -'
bindir='${exec_prefix}/bin'
build='x86_64-pc-linux-gnu'
build_alias=''
build_cpu='x86_64'
build_os='linux-gnu'
build_vendor='pc'
datadir='${datarootdir}'
datarootdir='${prefix}/share'
docdir='${datarootdir}/doc/${PACKAGE_TARNAME}'
dvidir='${docdir}'
exec_prefix='${prefix}'
host='x86_64-pc-linux-gnu'
host_alias=''
host_cpu='x86_64'
host_os='linux-gnu'
host_vendor='pc'
htmldir='${docdir}'
includedir='${prefix}/include'
infodir='${datarootdir}/info'
install_sh='${SHELL} /home/huihui22/sigsim_pads_point/install-sh'
libdir='${exec_prefix}/lib'
libexecdir='${exec_prefix}/libexec'
localedir='${datarootdir}/locale'
localstatedir='${prefix}/var'
mandir='${datarootdir}/man'
mkdir_p='$(MKDIR_P)'
oldincludedir='/usr/include'
pdfdir='${docdir}'
prefix='/usr/local'
program_transform_name='s,x,x,'
psdir='${docdir}'
runstatedir='${localstatedir}/run'
sbindir='${exec_prefix}/sbin'
sharedstatedir='${prefix}/com'
sysconfdir='${prefix}/etc'
target_alias=''

## ----------- ##
## confdefs.h. ##
## ----------- ##

/* confdefs.h */
#define PACKAGE_NAME "horse"
#define PACKAGE_TARNAME "horse"
#define PACKAGE_VERSION "0.0.0"
#define PACKAGE_STRING "horse 0.0.0"
#define PACKAGE_BUGREPORT "eleao@qmul.ac.uk"
#define PACKAGE_URL ""
#define HAVE_STDIO_H 1
#define HAVE_STDLIB_H 1
#define HAVE_STRING_H 1
#define HAVE_INTTYPES_H 1
#define HAVE_STDINT_H 1
#define HAVE_STRINGS_H 1
#define HAVE_SYS_STAT_H 1
#define HAVE_SYS_TYPES_H 1
#define HAVE_UNISTD_H 1
#define STDC_HEADERS 1
#define HAVE_DLFCN_H 1
#define LT_OBJDIR ".libs/"

configure: exit 0
